[25-Jul-2022 15:42:04] NOTICE: fpm is running, pid 40500
[25-Jul-2022 15:42:04] NOTICE: ready to handle connections
[26-Jul-2022 08:25:26] NOTICE: Terminating ...
[26-Jul-2022 08:25:26] NOTICE: Terminating ...
[26-Jul-2022 08:25:26] NOTICE: exiting, bye-bye!
[28-Jul-2022 19:25:26] NOTICE: fpm is running, pid 3924
[28-Jul-2022 19:25:26] NOTICE: ready to handle connections
[29-Jul-2022 22:11:14] NOTICE: Terminating ...
[29-Jul-2022 22:11:14] NOTICE: Terminating ...
[29-Jul-2022 22:11:14] NOTICE: exiting, bye-bye!
[29-Jul-2022 22:13:36] NOTICE: fpm is running, pid 7919
[29-Jul-2022 22:13:36] NOTICE: ready to handle connections
[29-Jul-2022 22:25:31] NOTICE: Terminating ...
[29-Jul-2022 22:25:31] NOTICE: Terminating ...
[29-Jul-2022 22:25:31] NOTICE: exiting, bye-bye!
[30-Jul-2022 09:44:53] NOTICE: fpm is running, pid 8808
[30-Jul-2022 09:44:53] NOTICE: ready to handle connections
[30-Jul-2022 19:32:10] NOTICE: Terminating ...
[30-Jul-2022 19:32:10] NOTICE: Terminating ...
[30-Jul-2022 19:32:10] NOTICE: exiting, bye-bye!
[31-Jul-2022 11:12:37] NOTICE: fpm is running, pid 16765
[31-Jul-2022 11:12:37] NOTICE: ready to handle connections
[31-Jul-2022 11:12:55] NOTICE: Terminating ...
[31-Jul-2022 11:12:55] NOTICE: Terminating ...
[31-Jul-2022 11:12:55] NOTICE: exiting, bye-bye!
[31-Jul-2022 11:12:58] NOTICE: fpm is running, pid 16809
[31-Jul-2022 11:12:58] NOTICE: ready to handle connections
[31-Jul-2022 16:13:10] NOTICE: Terminating ...
[31-Jul-2022 16:13:10] NOTICE: Terminating ...
[31-Jul-2022 16:13:10] NOTICE: exiting, bye-bye!
[31-Jul-2022 16:13:12] NOTICE: fpm is running, pid 19084
[31-Jul-2022 16:13:12] NOTICE: ready to handle connections
[31-Jul-2022 17:17:20] NOTICE: Terminating ...
[31-Jul-2022 17:17:20] NOTICE: Terminating ...
[31-Jul-2022 17:17:20] NOTICE: exiting, bye-bye!
[31-Jul-2022 18:16:28] NOTICE: fpm is running, pid 19770
[31-Jul-2022 18:16:28] NOTICE: ready to handle connections
[31-Jul-2022 20:01:55] NOTICE: Terminating ...
[31-Jul-2022 20:01:55] NOTICE: Terminating ...
[31-Jul-2022 20:01:55] NOTICE: exiting, bye-bye!
[01-Aug-2022 17:57:29] NOTICE: fpm is running, pid 23691
[01-Aug-2022 17:57:29] NOTICE: ready to handle connections
[01-Aug-2022 20:06:25] NOTICE: Terminating ...
[01-Aug-2022 20:06:25] NOTICE: Terminating ...
[01-Aug-2022 20:06:26] NOTICE: exiting, bye-bye!
[02-Aug-2022 14:57:18] NOTICE: fpm is running, pid 3596
[02-Aug-2022 14:57:18] NOTICE: ready to handle connections
[02-Aug-2022 20:55:40] NOTICE: Terminating ...
[02-Aug-2022 20:55:40] NOTICE: Terminating ...
[02-Aug-2022 20:55:40] NOTICE: exiting, bye-bye!
[03-Aug-2022 15:24:32] NOTICE: fpm is running, pid 12388
[03-Aug-2022 15:24:32] NOTICE: ready to handle connections
[05-Aug-2022 17:56:47] NOTICE: Terminating ...
[05-Aug-2022 17:56:47] NOTICE: Terminating ...
[05-Aug-2022 17:56:47] NOTICE: exiting, bye-bye!
[21-Aug-2022 08:59:27] NOTICE: fpm is running, pid 1659
[21-Aug-2022 08:59:27] NOTICE: ready to handle connections
